<?xml version="1.0" encoding="UTF-8"?>
<!-- Generated by org.testng.reporters.JUnitReportReporter -->
<testsuite hostname="Girish_PC" failures="0" tests="5" name="com.salesforce.automationtests.LoginTest" time="18.553" errors="0" timestamp="2024-02-18T18:00:06 EST" skipped="0">
  <testcase classname="com.salesforce.automationtests.LoginTest" name="ForgotPassword_TC4A" time="2.954"/>
  <system-out/>
  <testcase classname="com.salesforce.automationtests.LoginTest" name="LoginToSalesForce_TC2" time="4.076"/>
  <system-out/>
  <testcase classname="com.salesforce.automationtests.LoginTest" name="CheckRemeberMe_TC3" time="7.327"/>
  <system-out/>
  <testcase classname="com.salesforce.automationtests.LoginTest" name="LoginErrorMessage_TC1" time="2.127"/>
  <system-out/>
  <testcase classname="com.salesforce.automationtests.LoginTest" name="ValidateLoginErrorMessage_TC4B" time="2.069"/>
  <system-out/>
</testsuite> <!-- com.salesforce.automationtests.LoginTest -->
