<?xml version="1.0" encoding="UTF-8"?>
<!-- Generated by org.testng.reporters.JUnitReportReporter -->
<testsuite hostname="Girish_PC" failures="0" tests="5" name="com.salesforce.automationtests.LoginTest" time="23.519" errors="0" timestamp="2024-02-19T19:00:34 EST" skipped="0">
  <testcase classname="com.salesforce.automationtests.LoginTest" name="LoginToSalesForce_TC2" time="6.529"/>
  <system-out/>
  <testcase classname="com.salesforce.automationtests.LoginTest" name="ForgotPassword_TC4A" time="3.044"/>
  <system-out/>
  <testcase classname="com.salesforce.automationtests.LoginTest" name="CheckRemeberMe_TC3" time="8.110"/>
  <system-out/>
  <testcase classname="com.salesforce.automationtests.LoginTest" name="ValidateLoginErrorMessage_TC4B" time="2.390"/>
  <system-out/>
  <testcase classname="com.salesforce.automationtests.LoginTest" name="LoginErrorMessage_TC1" time="3.446"/>
  <system-out/>
</testsuite> <!-- com.salesforce.automationtests.LoginTest -->
